  Main.cpp
C:\Users\Dennis\Documents\GitHub\Catalyst-Engine\Engine Source\Engine Core\Include\Bitfield.h(20): error C2523: 'BitField<BitFieldSize>::~Bitfield': destructor tag mismatch
  C:\Users\Dennis\Documents\GitHub\Catalyst-Engine\Engine Source\Engine Core\Include\Bitfield.h(62): note: see reference to class template instantiation 'BitField<BitFieldSize>' being compiled
  CameraEntity.cpp
C:\Users\Dennis\Documents\GitHub\Catalyst-Engine\Engine Source\Engine Core\Include\Bitfield.h(20): error C2523: 'BitField<BitFieldSize>::~Bitfield': destructor tag mismatch
  C:\Users\Dennis\Documents\GitHub\Catalyst-Engine\Engine Source\Engine Core\Include\Bitfield.h(62): note: see reference to class template instantiation 'BitField<BitFieldSize>' being compiled
  Entity.cpp
C:\Users\Dennis\Documents\GitHub\Catalyst-Engine\Engine Source\Engine Core\Include\Bitfield.h(20): error C2523: 'BitField<BitFieldSize>::~Bitfield': destructor tag mismatch
  C:\Users\Dennis\Documents\GitHub\Catalyst-Engine\Engine Source\Engine Core\Include\Bitfield.h(62): note: see reference to class template instantiation 'BitField<BitFieldSize>' being compiled
  LightEntity.cpp
C:\Users\Dennis\Documents\GitHub\Catalyst-Engine\Engine Source\Engine Core\Include\Bitfield.h(20): error C2523: 'BitField<BitFieldSize>::~Bitfield': destructor tag mismatch
  C:\Users\Dennis\Documents\GitHub\Catalyst-Engine\Engine Source\Engine Core\Include\Bitfield.h(62): note: see reference to class template instantiation 'BitField<BitFieldSize>' being compiled
  PhysicalEntity.cpp
C:\Users\Dennis\Documents\GitHub\Catalyst-Engine\Engine Source\Engine Core\Include\Bitfield.h(20): error C2523: 'BitField<BitFieldSize>::~Bitfield': destructor tag mismatch
  C:\Users\Dennis\Documents\GitHub\Catalyst-Engine\Engine Source\Engine Core\Include\Bitfield.h(62): note: see reference to class template instantiation 'BitField<BitFieldSize>' being compiled
  PointLightEntity.cpp
C:\Users\Dennis\Documents\GitHub\Catalyst-Engine\Engine Source\Engine Core\Include\Bitfield.h(20): error C2523: 'BitField<BitFieldSize>::~Bitfield': destructor tag mismatch
  C:\Users\Dennis\Documents\GitHub\Catalyst-Engine\Engine Source\Engine Core\Include\Bitfield.h(62): note: see reference to class template instantiation 'BitField<BitFieldSize>' being compiled
  SpotLightEntity.cpp
C:\Users\Dennis\Documents\GitHub\Catalyst-Engine\Engine Source\Engine Core\Include\Bitfield.h(20): error C2523: 'BitField<BitFieldSize>::~Bitfield': destructor tag mismatch
  C:\Users\Dennis\Documents\GitHub\Catalyst-Engine\Engine Source\Engine Core\Include\Bitfield.h(62): note: see reference to class template instantiation 'BitField<BitFieldSize>' being compiled
  PhysicalMaterial.cpp
C:\Users\Dennis\Documents\GitHub\Catalyst-Engine\Engine Source\Engine Core\Include\Bitfield.h(20): error C2523: 'BitField<BitFieldSize>::~Bitfield': destructor tag mismatch
  C:\Users\Dennis\Documents\GitHub\Catalyst-Engine\Engine Source\Engine Core\Include\Bitfield.h(62): note: see reference to class template instantiation 'BitField<BitFieldSize>' being compiled
  PhysicalModel.cpp
C:\Users\Dennis\Documents\GitHub\Catalyst-Engine\Engine Source\Engine Core\Include\Bitfield.h(20): error C2523: 'BitField<BitFieldSize>::~Bitfield': destructor tag mismatch
  C:\Users\Dennis\Documents\GitHub\Catalyst-Engine\Engine Source\Engine Core\Include\Bitfield.h(62): note: see reference to class template instantiation 'BitField<BitFieldSize>' being compiled
  Vertex.cpp
C:\Users\Dennis\Documents\GitHub\Catalyst-Engine\Engine Source\Engine Core\Include\Bitfield.h(20): error C2523: 'BitField<BitFieldSize>::~Bitfield': destructor tag mismatch
  C:\Users\Dennis\Documents\GitHub\Catalyst-Engine\Engine Source\Engine Core\Include\Bitfield.h(62): note: see reference to class template instantiation 'BitField<BitFieldSize>' being compiled
  Window.cpp
C:\Users\Dennis\Documents\GitHub\Catalyst-Engine\Engine Source\Engine Core\Include\Bitfield.h(20): error C2523: 'BitField<BitFieldSize>::~Bitfield': destructor tag mismatch
  C:\Users\Dennis\Documents\GitHub\Catalyst-Engine\Engine Source\Engine Core\Include\Bitfield.h(62): note: see reference to class template instantiation 'BitField<BitFieldSize>' being compiled
  GameMath.cpp
C:\Users\Dennis\Documents\GitHub\Catalyst-Engine\Engine Source\Engine Core\Include\Bitfield.h(20): error C2523: 'BitField<BitFieldSize>::~Bitfield': destructor tag mismatch
  C:\Users\Dennis\Documents\GitHub\Catalyst-Engine\Engine Source\Engine Core\Include\Bitfield.h(62): note: see reference to class template instantiation 'BitField<BitFieldSize>' being compiled
  Matrix3.cpp
C:\Users\Dennis\Documents\GitHub\Catalyst-Engine\Engine Source\Engine Core\Include\Bitfield.h(20): error C2523: 'BitField<BitFieldSize>::~Bitfield': destructor tag mismatch
  C:\Users\Dennis\Documents\GitHub\Catalyst-Engine\Engine Source\Engine Core\Include\Bitfield.h(62): note: see reference to class template instantiation 'BitField<BitFieldSize>' being compiled
  Matrix4.cpp
C:\Users\Dennis\Documents\GitHub\Catalyst-Engine\Engine Source\Engine Core\Include\Bitfield.h(20): error C2523: 'BitField<BitFieldSize>::~Bitfield': destructor tag mismatch
  C:\Users\Dennis\Documents\GitHub\Catalyst-Engine\Engine Source\Engine Core\Include\Bitfield.h(62): note: see reference to class template instantiation 'BitField<BitFieldSize>' being compiled
  Vector2.cpp
C:\Users\Dennis\Documents\GitHub\Catalyst-Engine\Engine Source\Engine Core\Include\Bitfield.h(20): error C2523: 'BitField<BitFieldSize>::~Bitfield': destructor tag mismatch
  C:\Users\Dennis\Documents\GitHub\Catalyst-Engine\Engine Source\Engine Core\Include\Bitfield.h(62): note: see reference to class template instantiation 'BitField<BitFieldSize>' being compiled
  Vector3.cpp
C:\Users\Dennis\Documents\GitHub\Catalyst-Engine\Engine Source\Engine Core\Include\Bitfield.h(20): error C2523: 'BitField<BitFieldSize>::~Bitfield': destructor tag mismatch
  C:\Users\Dennis\Documents\GitHub\Catalyst-Engine\Engine Source\Engine Core\Include\Bitfield.h(62): note: see reference to class template instantiation 'BitField<BitFieldSize>' being compiled
  Vector4.cpp
C:\Users\Dennis\Documents\GitHub\Catalyst-Engine\Engine Source\Engine Core\Include\Bitfield.h(20): error C2523: 'BitField<BitFieldSize>::~Bitfield': destructor tag mismatch
  C:\Users\Dennis\Documents\GitHub\Catalyst-Engine\Engine Source\Engine Core\Include\Bitfield.h(62): note: see reference to class template instantiation 'BitField<BitFieldSize>' being compiled
  Adventurer.cpp
C:\Users\Dennis\Documents\GitHub\Catalyst-Engine\Engine Source\Engine Core\Include\Bitfield.h(20): error C2523: 'BitField<BitFieldSize>::~Bitfield': destructor tag mismatch
  C:\Users\Dennis\Documents\GitHub\Catalyst-Engine\Engine Source\Engine Core\Include\Bitfield.h(62): note: see reference to class template instantiation 'BitField<BitFieldSize>' being compiled
  Quest.cpp
C:\Users\Dennis\Documents\GitHub\Catalyst-Engine\Engine Source\Engine Core\Include\Bitfield.h(20): error C2523: 'BitField<BitFieldSize>::~Bitfield': destructor tag mismatch
  C:\Users\Dennis\Documents\GitHub\Catalyst-Engine\Engine Source\Engine Core\Include\Bitfield.h(62): note: see reference to class template instantiation 'BitField<BitFieldSize>' being compiled
  QuestLog.cpp
C:\Users\Dennis\Documents\GitHub\Catalyst-Engine\Engine Source\Engine Core\Include\Bitfield.h(20): error C2523: 'BitField<BitFieldSize>::~Bitfield': destructor tag mismatch
  C:\Users\Dennis\Documents\GitHub\Catalyst-Engine\Engine Source\Engine Core\Include\Bitfield.h(62): note: see reference to class template instantiation 'BitField<BitFieldSize>' being compiled
  Compiling...
  EngineSystem.cpp
C:\Users\Dennis\Documents\GitHub\Catalyst-Engine\Engine Source\Engine Core\Include\Bitfield.h(20): error C2523: 'BitField<BitFieldSize>::~Bitfield': destructor tag mismatch
  C:\Users\Dennis\Documents\GitHub\Catalyst-Engine\Engine Source\Engine Core\Include\Bitfield.h(62): note: see reference to class template instantiation 'BitField<BitFieldSize>' being compiled
  EntitySystem.cpp
C:\Users\Dennis\Documents\GitHub\Catalyst-Engine\Engine Source\Engine Core\Include\Bitfield.h(20): error C2523: 'BitField<BitFieldSize>::~Bitfield': destructor tag mismatch
  C:\Users\Dennis\Documents\GitHub\Catalyst-Engine\Engine Source\Engine Core\Include\Bitfield.h(62): note: see reference to class template instantiation 'BitField<BitFieldSize>' being compiled
  GraphicsSystem.cpp
C:\Users\Dennis\Documents\GitHub\Catalyst-Engine\Engine Source\Engine Core\Include\Bitfield.h(20): error C2523: 'BitField<BitFieldSize>::~Bitfield': destructor tag mismatch
  C:\Users\Dennis\Documents\GitHub\Catalyst-Engine\Engine Source\Engine Core\Include\Bitfield.h(62): note: see reference to class template instantiation 'BitField<BitFieldSize>' being compiled
  InputSystem.cpp
C:\Users\Dennis\Documents\GitHub\Catalyst-Engine\Engine Source\Engine Core\Include\Bitfield.h(20): error C2523: 'BitField<BitFieldSize>::~Bitfield': destructor tag mismatch
  C:\Users\Dennis\Documents\GitHub\Catalyst-Engine\Engine Source\Engine Core\Include\Bitfield.h(62): note: see reference to class template instantiation 'BitField<BitFieldSize>' being compiled
  QuestSystem.cpp
C:\Users\Dennis\Documents\GitHub\Catalyst-Engine\Engine Source\Engine Core\Include\Bitfield.h(20): error C2523: 'BitField<BitFieldSize>::~Bitfield': destructor tag mismatch
  C:\Users\Dennis\Documents\GitHub\Catalyst-Engine\Engine Source\Engine Core\Include\Bitfield.h(62): note: see reference to class template instantiation 'BitField<BitFieldSize>' being compiled
  VulkanAllocator.cpp
C:\Users\Dennis\Documents\GitHub\Catalyst-Engine\Engine Source\Engine Core\Include\Bitfield.h(20): error C2523: 'BitField<BitFieldSize>::~Bitfield': destructor tag mismatch
  C:\Users\Dennis\Documents\GitHub\Catalyst-Engine\Engine Source\Engine Core\Include\Bitfield.h(62): note: see reference to class template instantiation 'BitField<BitFieldSize>' being compiled
  VulkanCommandBuffer.cpp
C:\Users\Dennis\Documents\GitHub\Catalyst-Engine\Engine Source\Engine Core\Include\Bitfield.h(20): error C2523: 'BitField<BitFieldSize>::~Bitfield': destructor tag mismatch
  C:\Users\Dennis\Documents\GitHub\Catalyst-Engine\Engine Source\Engine Core\Include\Bitfield.h(62): note: see reference to class template instantiation 'BitField<BitFieldSize>' being compiled
  VulkanCommandPool.cpp
C:\Users\Dennis\Documents\GitHub\Catalyst-Engine\Engine Source\Engine Core\Include\Bitfield.h(20): error C2523: 'BitField<BitFieldSize>::~Bitfield': destructor tag mismatch
  C:\Users\Dennis\Documents\GitHub\Catalyst-Engine\Engine Source\Engine Core\Include\Bitfield.h(62): note: see reference to class template instantiation 'BitField<BitFieldSize>' being compiled
  VulkanDepthBuffer.cpp
C:\Users\Dennis\Documents\GitHub\Catalyst-Engine\Engine Source\Engine Core\Include\Bitfield.h(20): error C2523: 'BitField<BitFieldSize>::~Bitfield': destructor tag mismatch
  C:\Users\Dennis\Documents\GitHub\Catalyst-Engine\Engine Source\Engine Core\Include\Bitfield.h(62): note: see reference to class template instantiation 'BitField<BitFieldSize>' being compiled
  VulkanDescriptorPool.cpp
C:\Users\Dennis\Documents\GitHub\Catalyst-Engine\Engine Source\Engine Core\Include\Bitfield.h(20): error C2523: 'BitField<BitFieldSize>::~Bitfield': destructor tag mismatch
  C:\Users\Dennis\Documents\GitHub\Catalyst-Engine\Engine Source\Engine Core\Include\Bitfield.h(62): note: see reference to class template instantiation 'BitField<BitFieldSize>' being compiled
  VulkanDescriptorSet.cpp
C:\Users\Dennis\Documents\GitHub\Catalyst-Engine\Engine Source\Engine Core\Include\Bitfield.h(20): error C2523: 'BitField<BitFieldSize>::~Bitfield': destructor tag mismatch
  C:\Users\Dennis\Documents\GitHub\Catalyst-Engine\Engine Source\Engine Core\Include\Bitfield.h(62): note: see reference to class template instantiation 'BitField<BitFieldSize>' being compiled
  VulkanDescriptorSetLayout.cpp
C:\Users\Dennis\Documents\GitHub\Catalyst-Engine\Engine Source\Engine Core\Include\Bitfield.h(20): error C2523: 'BitField<BitFieldSize>::~Bitfield': destructor tag mismatch
  C:\Users\Dennis\Documents\GitHub\Catalyst-Engine\Engine Source\Engine Core\Include\Bitfield.h(62): note: see reference to class template instantiation 'BitField<BitFieldSize>' being compiled
  VulkanFramebuffer.cpp
C:\Users\Dennis\Documents\GitHub\Catalyst-Engine\Engine Source\Engine Core\Include\Bitfield.h(20): error C2523: 'BitField<BitFieldSize>::~Bitfield': destructor tag mismatch
  C:\Users\Dennis\Documents\GitHub\Catalyst-Engine\Engine Source\Engine Core\Include\Bitfield.h(62): note: see reference to class template instantiation 'BitField<BitFieldSize>' being compiled
  VulkanIndexBuffer.cpp
C:\Users\Dennis\Documents\GitHub\Catalyst-Engine\Engine Source\Engine Core\Include\Bitfield.h(20): error C2523: 'BitField<BitFieldSize>::~Bitfield': destructor tag mismatch
  C:\Users\Dennis\Documents\GitHub\Catalyst-Engine\Engine Source\Engine Core\Include\Bitfield.h(62): note: see reference to class template instantiation 'BitField<BitFieldSize>' being compiled
  VulkanInstance.cpp
C:\Users\Dennis\Documents\GitHub\Catalyst-Engine\Engine Source\Engine Core\Include\Bitfield.h(20): error C2523: 'BitField<BitFieldSize>::~Bitfield': destructor tag mismatch
  C:\Users\Dennis\Documents\GitHub\Catalyst-Engine\Engine Source\Engine Core\Include\Bitfield.h(62): note: see reference to class template instantiation 'BitField<BitFieldSize>' being compiled
  VulkanInterface.cpp
C:\Users\Dennis\Documents\GitHub\Catalyst-Engine\Engine Source\Engine Core\Include\Bitfield.h(20): error C2523: 'BitField<BitFieldSize>::~Bitfield': destructor tag mismatch
  C:\Users\Dennis\Documents\GitHub\Catalyst-Engine\Engine Source\Engine Core\Include\Bitfield.h(62): note: see reference to class template instantiation 'BitField<BitFieldSize>' being compiled
  VulkanLogicalDevice.cpp
C:\Users\Dennis\Documents\GitHub\Catalyst-Engine\Engine Source\Engine Core\Include\Bitfield.h(20): error C2523: 'BitField<BitFieldSize>::~Bitfield': destructor tag mismatch
  C:\Users\Dennis\Documents\GitHub\Catalyst-Engine\Engine Source\Engine Core\Include\Bitfield.h(62): note: see reference to class template instantiation 'BitField<BitFieldSize>' being compiled
  VulkanPhysicalDevice.cpp
C:\Users\Dennis\Documents\GitHub\Catalyst-Engine\Engine Source\Engine Core\Include\Bitfield.h(20): error C2523: 'BitField<BitFieldSize>::~Bitfield': destructor tag mismatch
  C:\Users\Dennis\Documents\GitHub\Catalyst-Engine\Engine Source\Engine Core\Include\Bitfield.h(62): note: see reference to class template instantiation 'BitField<BitFieldSize>' being compiled
  VulkanPipeline.cpp
C:\Users\Dennis\Documents\GitHub\Catalyst-Engine\Engine Source\Engine Core\Include\Bitfield.h(20): error C2523: 'BitField<BitFieldSize>::~Bitfield': destructor tag mismatch
  C:\Users\Dennis\Documents\GitHub\Catalyst-Engine\Engine Source\Engine Core\Include\Bitfield.h(62): note: see reference to class template instantiation 'BitField<BitFieldSize>' being compiled
  VulkanQueue.cpp
C:\Users\Dennis\Documents\GitHub\Catalyst-Engine\Engine Source\Engine Core\Include\Bitfield.h(20): error C2523: 'BitField<BitFieldSize>::~Bitfield': destructor tag mismatch
  C:\Users\Dennis\Documents\GitHub\Catalyst-Engine\Engine Source\Engine Core\Include\Bitfield.h(62): note: see reference to class template instantiation 'BitField<BitFieldSize>' being compiled
  Compiling...
  VulkanRenderPass.cpp
C:\Users\Dennis\Documents\GitHub\Catalyst-Engine\Engine Source\Engine Core\Include\Bitfield.h(20): error C2523: 'BitField<BitFieldSize>::~Bitfield': destructor tag mismatch
  C:\Users\Dennis\Documents\GitHub\Catalyst-Engine\Engine Source\Engine Core\Include\Bitfield.h(62): note: see reference to class template instantiation 'BitField<BitFieldSize>' being compiled
  VulkanSemaphore.cpp
C:\Users\Dennis\Documents\GitHub\Catalyst-Engine\Engine Source\Engine Core\Include\Bitfield.h(20): error C2523: 'BitField<BitFieldSize>::~Bitfield': destructor tag mismatch
  C:\Users\Dennis\Documents\GitHub\Catalyst-Engine\Engine Source\Engine Core\Include\Bitfield.h(62): note: see reference to class template instantiation 'BitField<BitFieldSize>' being compiled
  VulkanShaderModule.cpp
C:\Users\Dennis\Documents\GitHub\Catalyst-Engine\Engine Source\Engine Core\Include\Bitfield.h(20): error C2523: 'BitField<BitFieldSize>::~Bitfield': destructor tag mismatch
  C:\Users\Dennis\Documents\GitHub\Catalyst-Engine\Engine Source\Engine Core\Include\Bitfield.h(62): note: see reference to class template instantiation 'BitField<BitFieldSize>' being compiled
  VulkanSurface.cpp
C:\Users\Dennis\Documents\GitHub\Catalyst-Engine\Engine Source\Engine Core\Include\Bitfield.h(20): error C2523: 'BitField<BitFieldSize>::~Bitfield': destructor tag mismatch
  C:\Users\Dennis\Documents\GitHub\Catalyst-Engine\Engine Source\Engine Core\Include\Bitfield.h(62): note: see reference to class template instantiation 'BitField<BitFieldSize>' being compiled
  VulkanSwapChain.cpp
C:\Users\Dennis\Documents\GitHub\Catalyst-Engine\Engine Source\Engine Core\Include\Bitfield.h(20): error C2523: 'BitField<BitFieldSize>::~Bitfield': destructor tag mismatch
  C:\Users\Dennis\Documents\GitHub\Catalyst-Engine\Engine Source\Engine Core\Include\Bitfield.h(62): note: see reference to class template instantiation 'BitField<BitFieldSize>' being compiled
  VulkanTexture.cpp
C:\Users\Dennis\Documents\GitHub\Catalyst-Engine\Engine Source\Engine Core\Include\Bitfield.h(20): error C2523: 'BitField<BitFieldSize>::~Bitfield': destructor tag mismatch
  C:\Users\Dennis\Documents\GitHub\Catalyst-Engine\Engine Source\Engine Core\Include\Bitfield.h(62): note: see reference to class template instantiation 'BitField<BitFieldSize>' being compiled
  VulkanUniformBuffer.cpp
C:\Users\Dennis\Documents\GitHub\Catalyst-Engine\Engine Source\Engine Core\Include\Bitfield.h(20): error C2523: 'BitField<BitFieldSize>::~Bitfield': destructor tag mismatch
  C:\Users\Dennis\Documents\GitHub\Catalyst-Engine\Engine Source\Engine Core\Include\Bitfield.h(62): note: see reference to class template instantiation 'BitField<BitFieldSize>' being compiled
  VulkanVertexBuffer.cpp
C:\Users\Dennis\Documents\GitHub\Catalyst-Engine\Engine Source\Engine Core\Include\Bitfield.h(20): error C2523: 'BitField<BitFieldSize>::~Bitfield': destructor tag mismatch
  C:\Users\Dennis\Documents\GitHub\Catalyst-Engine\Engine Source\Engine Core\Include\Bitfield.h(62): note: see reference to class template instantiation 'BitField<BitFieldSize>' being compiled
  ClairvoyantGameSystem.cpp
C:\Users\Dennis\Documents\GitHub\Catalyst-Engine\Engine Source\Engine Core\Include\Bitfield.h(20): error C2523: 'BitField<BitFieldSize>::~Bitfield': destructor tag mismatch
  C:\Users\Dennis\Documents\GitHub\Catalyst-Engine\Engine Source\Engine Core\Include\Bitfield.h(62): note: see reference to class template instantiation 'BitField<BitFieldSize>' being compiled
  ClairvoyantPlayer.cpp
C:\Users\Dennis\Documents\GitHub\Catalyst-Engine\Engine Source\Engine Core\Include\Bitfield.h(20): error C2523: 'BitField<BitFieldSize>::~Bitfield': destructor tag mismatch
  C:\Users\Dennis\Documents\GitHub\Catalyst-Engine\Engine Source\Engine Core\Include\Bitfield.h(62): note: see reference to class template instantiation 'BitField<BitFieldSize>' being compiled
  WorldArchitect.cpp
C:\Users\Dennis\Documents\GitHub\Catalyst-Engine\Engine Source\Engine Core\Include\Bitfield.h(20): error C2523: 'BitField<BitFieldSize>::~Bitfield': destructor tag mismatch
  C:\Users\Dennis\Documents\GitHub\Catalyst-Engine\Engine Source\Engine Core\Include\Bitfield.h(62): note: see reference to class template instantiation 'BitField<BitFieldSize>' being compiled
