c:\users\dennis\documents\github\catalyst-engine\project\catalyst engine\x64\debug\vc141.pdb
c:\users\dennis\documents\github\catalyst-engine\project\catalyst engine\x64\debug\vc141.idb
c:\users\dennis\documents\github\catalyst-engine\project\catalyst engine\x64\debug\vulkanfence.obj
c:\users\dennis\documents\github\catalyst-engine\project\catalyst engine\x64\debug\vulkanframebuffer.obj
c:\users\dennis\documents\github\catalyst-engine\project\catalyst engine\x64\debug\vulkanindexbuffer.obj
c:\users\dennis\documents\github\catalyst-engine\project\catalyst engine\x64\debug\vulkaninstance.obj
c:\users\dennis\documents\github\catalyst-engine\project\catalyst engine\x64\debug\vulkaninterface.obj
c:\users\dennis\documents\github\catalyst-engine\project\catalyst engine\x64\debug\vulkanlogicaldevice.obj
c:\users\dennis\documents\github\catalyst-engine\project\catalyst engine\x64\debug\vulkanphysicaldevice.obj
c:\users\dennis\documents\github\catalyst-engine\project\catalyst engine\x64\debug\vulkanpipeline.obj
c:\users\dennis\documents\github\catalyst-engine\project\catalyst engine\x64\debug\vulkanqueue.obj
c:\users\dennis\documents\github\catalyst-engine\project\catalyst engine\x64\debug\vulkanrenderpass.obj
c:\users\dennis\documents\github\catalyst-engine\project\catalyst engine\x64\debug\vulkansemaphore.obj
c:\users\dennis\documents\github\catalyst-engine\project\catalyst engine\x64\debug\vulkanshadermodule.obj
c:\users\dennis\documents\github\catalyst-engine\project\catalyst engine\x64\debug\vulkansurface.obj
c:\users\dennis\documents\github\catalyst-engine\project\catalyst engine\x64\debug\vulkanswapchain.obj
c:\users\dennis\documents\github\catalyst-engine\project\catalyst engine\x64\debug\vulkantexture.obj
c:\users\dennis\documents\github\catalyst-engine\project\catalyst engine\x64\debug\vulkanuniformbuffer.obj
c:\users\dennis\documents\github\catalyst-engine\project\catalyst engine\x64\debug\vulkanvertexbuffer.obj
c:\users\dennis\documents\github\catalyst-engine\project\catalyst engine\x64\debug\clairvoyantgamesystem.obj
c:\users\dennis\documents\github\catalyst-engine\project\catalyst engine\x64\debug\clairvoyantplayer.obj
c:\users\dennis\documents\github\catalyst-engine\project\catalyst engine\x64\debug\worldarchitect.obj
c:\users\dennis\documents\github\catalyst-engine\project\catalyst engine\x64\debug\matrix3.obj
c:\users\dennis\documents\github\catalyst-engine\project\catalyst engine\x64\debug\matrix4.obj
c:\users\dennis\documents\github\catalyst-engine\project\catalyst engine\x64\debug\vector2.obj
c:\users\dennis\documents\github\catalyst-engine\project\catalyst engine\x64\debug\vector3.obj
c:\users\dennis\documents\github\catalyst-engine\project\catalyst engine\x64\debug\vector4.obj
c:\users\dennis\documents\github\catalyst-engine\project\catalyst engine\x64\debug\adventurer.obj
c:\users\dennis\documents\github\catalyst-engine\project\catalyst engine\x64\debug\quest.obj
c:\users\dennis\documents\github\catalyst-engine\project\catalyst engine\x64\debug\questlog.obj
c:\users\dennis\documents\github\catalyst-engine\project\catalyst engine\x64\debug\enginesystem.obj
c:\users\dennis\documents\github\catalyst-engine\project\catalyst engine\x64\debug\entitysystem.obj
c:\users\dennis\documents\github\catalyst-engine\project\catalyst engine\x64\debug\graphicssystem.obj
c:\users\dennis\documents\github\catalyst-engine\project\catalyst engine\x64\debug\inputsystem.obj
c:\users\dennis\documents\github\catalyst-engine\project\catalyst engine\x64\debug\questsystem.obj
c:\users\dennis\documents\github\catalyst-engine\project\catalyst engine\x64\debug\vulkanallocator.obj
c:\users\dennis\documents\github\catalyst-engine\project\catalyst engine\x64\debug\vulkancommandbuffer.obj
c:\users\dennis\documents\github\catalyst-engine\project\catalyst engine\x64\debug\vulkancommandpool.obj
c:\users\dennis\documents\github\catalyst-engine\project\catalyst engine\x64\debug\vulkandepthbuffer.obj
c:\users\dennis\documents\github\catalyst-engine\project\catalyst engine\x64\debug\vulkandescriptorpool.obj
c:\users\dennis\documents\github\catalyst-engine\project\catalyst engine\x64\debug\vulkandescriptorset.obj
c:\users\dennis\documents\github\catalyst-engine\project\catalyst engine\x64\debug\vulkandescriptorsetlayout.obj
c:\users\dennis\documents\github\catalyst-engine\project\catalyst engine\x64\debug\lightentity.obj
c:\users\dennis\documents\github\catalyst-engine\project\catalyst engine\x64\debug\physicalentity.obj
c:\users\dennis\documents\github\catalyst-engine\project\catalyst engine\x64\debug\pointlightentity.obj
c:\users\dennis\documents\github\catalyst-engine\project\catalyst engine\x64\debug\spotlightentity.obj
c:\users\dennis\documents\github\catalyst-engine\project\catalyst engine\x64\debug\physicalmaterial.obj
c:\users\dennis\documents\github\catalyst-engine\project\catalyst engine\x64\debug\physicalmodel.obj
c:\users\dennis\documents\github\catalyst-engine\project\catalyst engine\x64\debug\vertex.obj
c:\users\dennis\documents\github\catalyst-engine\project\catalyst engine\x64\debug\window.obj
c:\users\dennis\documents\github\catalyst-engine\project\catalyst engine\x64\debug\gamemath.obj
c:\users\dennis\documents\github\catalyst-engine\project\catalyst engine\x64\debug\main.obj
c:\users\dennis\documents\github\catalyst-engine\project\catalyst engine\x64\debug\cameraentity.obj
c:\users\dennis\documents\github\catalyst-engine\project\catalyst engine\x64\debug\entity.obj
c:\users\dennis\documents\github\catalyst-engine\project\x64\debug\catalyst engine.ilk
c:\users\dennis\documents\github\catalyst-engine\project\x64\debug\catalyst engine.exe
c:\users\dennis\documents\github\catalyst-engine\project\x64\debug\catalyst engine.pdb
c:\users\dennis\documents\github\catalyst-engine\project\catalyst engine\x64\debug\catalyst engine.tlog\cl.command.1.tlog
c:\users\dennis\documents\github\catalyst-engine\project\catalyst engine\x64\debug\catalyst engine.tlog\cl.read.1.tlog
c:\users\dennis\documents\github\catalyst-engine\project\catalyst engine\x64\debug\catalyst engine.tlog\cl.write.1.tlog
c:\users\dennis\documents\github\catalyst-engine\project\catalyst engine\x64\debug\catalyst engine.tlog\link.command.1.tlog
c:\users\dennis\documents\github\catalyst-engine\project\catalyst engine\x64\debug\catalyst engine.tlog\link.read.1.tlog
c:\users\dennis\documents\github\catalyst-engine\project\catalyst engine\x64\debug\catalyst engine.tlog\link.write.1.tlog
