c:\users\dennis\google drive\catalyst engine\project\x64\release\catalyst engine.ipdb
c:\users\dennis\google drive\catalyst engine\project\x64\release\catalyst engine.iobj
c:\users\dennis\google drive\catalyst engine\project\quantum engine\x64\release\vc141.pdb
c:\users\dennis\google drive\catalyst engine\project\quantum engine\x64\release\inputsystem.obj
c:\users\dennis\google drive\catalyst engine\project\quantum engine\x64\release\graphicssystem.obj
c:\users\dennis\google drive\catalyst engine\project\quantum engine\x64\release\entitysystem.obj
c:\users\dennis\google drive\catalyst engine\project\quantum engine\x64\release\enginesystem.obj
c:\users\dennis\google drive\catalyst engine\project\quantum engine\x64\release\vector4.obj
c:\users\dennis\google drive\catalyst engine\project\quantum engine\x64\release\vector3.obj
c:\users\dennis\google drive\catalyst engine\project\quantum engine\x64\release\vector2.obj
c:\users\dennis\google drive\catalyst engine\project\quantum engine\x64\release\matrix4.obj
c:\users\dennis\google drive\catalyst engine\project\quantum engine\x64\release\matrix3.obj
c:\users\dennis\google drive\catalyst engine\project\quantum engine\x64\release\gamemath.obj
c:\users\dennis\google drive\catalyst engine\project\quantum engine\x64\release\window.obj
c:\users\dennis\google drive\catalyst engine\project\quantum engine\x64\release\vertex.obj
c:\users\dennis\google drive\catalyst engine\project\quantum engine\x64\release\physicalmodel.obj
c:\users\dennis\google drive\catalyst engine\project\quantum engine\x64\release\physicalmaterial.obj
c:\users\dennis\google drive\catalyst engine\project\quantum engine\x64\release\pointlightentity.obj
c:\users\dennis\google drive\catalyst engine\project\quantum engine\x64\release\physicalentity.obj
c:\users\dennis\google drive\catalyst engine\project\quantum engine\x64\release\lightentity.obj
c:\users\dennis\google drive\catalyst engine\project\quantum engine\x64\release\entity.obj
c:\users\dennis\google drive\catalyst engine\project\quantum engine\x64\release\cameraentity.obj
c:\users\dennis\google drive\catalyst engine\project\quantum engine\x64\release\main.obj
c:\users\dennis\google drive\catalyst engine\project\quantum engine\x64\release\vulkantexture.obj
c:\users\dennis\google drive\catalyst engine\project\quantum engine\x64\release\vulkanswapchain.obj
c:\users\dennis\google drive\catalyst engine\project\quantum engine\x64\release\vulkansurface.obj
c:\users\dennis\google drive\catalyst engine\project\quantum engine\x64\release\vulkanshadermodule.obj
c:\users\dennis\google drive\catalyst engine\project\quantum engine\x64\release\vulkansemaphore.obj
c:\users\dennis\google drive\catalyst engine\project\quantum engine\x64\release\vulkanrenderpass.obj
c:\users\dennis\google drive\catalyst engine\project\quantum engine\x64\release\vulkanqueue.obj
c:\users\dennis\google drive\catalyst engine\project\quantum engine\x64\release\vulkanpipeline.obj
c:\users\dennis\google drive\catalyst engine\project\quantum engine\x64\release\vulkanphysicaldevice.obj
c:\users\dennis\google drive\catalyst engine\project\quantum engine\x64\release\vulkanlogicaldevice.obj
c:\users\dennis\google drive\catalyst engine\project\quantum engine\x64\release\vulkaninterface.obj
c:\users\dennis\google drive\catalyst engine\project\quantum engine\x64\release\vulkaninstance.obj
c:\users\dennis\google drive\catalyst engine\project\quantum engine\x64\release\vulkanindexbuffer.obj
c:\users\dennis\google drive\catalyst engine\project\quantum engine\x64\release\vulkanframebuffer.obj
c:\users\dennis\google drive\catalyst engine\project\quantum engine\x64\release\vulkandescriptorsetlayout.obj
c:\users\dennis\google drive\catalyst engine\project\quantum engine\x64\release\vulkandescriptorset.obj
c:\users\dennis\google drive\catalyst engine\project\quantum engine\x64\release\vulkandescriptorpool.obj
c:\users\dennis\google drive\catalyst engine\project\quantum engine\x64\release\vulkandepthbuffer.obj
c:\users\dennis\google drive\catalyst engine\project\quantum engine\x64\release\vulkancommandpool.obj
c:\users\dennis\google drive\catalyst engine\project\quantum engine\x64\release\vulkancommandbuffer.obj
c:\users\dennis\google drive\catalyst engine\project\quantum engine\x64\release\worldarchitect.obj
c:\users\dennis\google drive\catalyst engine\project\quantum engine\x64\release\clairvoyantplayer.obj
c:\users\dennis\google drive\catalyst engine\project\quantum engine\x64\release\clairvoyantgamesystem.obj
c:\users\dennis\google drive\catalyst engine\project\quantum engine\x64\release\vulkanvertexbuffer.obj
c:\users\dennis\google drive\catalyst engine\project\quantum engine\x64\release\vulkanuniformbuffer.obj
c:\users\dennis\google drive\catalyst engine\project\x64\release\catalyst engine.exe
c:\users\dennis\google drive\catalyst engine\project\x64\release\catalyst engine.pdb
c:\users\dennis\google drive\catalyst engine\project\quantum engine\x64\release\catalyst engine.tlog\catalyst engine.write.1u.tlog
c:\users\dennis\google drive\catalyst engine\project\quantum engine\x64\release\catalyst engine.tlog\cl.command.1.tlog
c:\users\dennis\google drive\catalyst engine\project\quantum engine\x64\release\catalyst engine.tlog\cl.read.1.tlog
c:\users\dennis\google drive\catalyst engine\project\quantum engine\x64\release\catalyst engine.tlog\cl.write.1.tlog
c:\users\dennis\google drive\catalyst engine\project\quantum engine\x64\release\catalyst engine.tlog\link.command.1.tlog
c:\users\dennis\google drive\catalyst engine\project\quantum engine\x64\release\catalyst engine.tlog\link.read.1.tlog
c:\users\dennis\google drive\catalyst engine\project\quantum engine\x64\release\catalyst engine.tlog\link.write.1.tlog
