  Main.cpp
  CameraEntity.cpp
  Entity.cpp
  LightEntity.cpp
  PhysicalEntity.cpp
  PointLightEntity.cpp
  SpotLightEntity.cpp
  PhysicalMaterial.cpp
  PhysicalModel.cpp
  Vertex.cpp
  Window.cpp
  GameMath.cpp
  Matrix3.cpp
  Matrix4.cpp
  Vector2.cpp
  Vector3.cpp
  Vector4.cpp
  Adventurer.cpp
  Quest.cpp
  QuestLog.cpp
  Compiling...
  EngineSystem.cpp
  EntitySystem.cpp
  GraphicsSystem.cpp
  InputSystem.cpp
  QuestSystem.cpp
  VulkanAllocator.cpp
  VulkanCommandBuffer.cpp
  VulkanCommandPool.cpp
  VulkanDepthBuffer.cpp
  VulkanDescriptorPool.cpp
  VulkanDescriptorSet.cpp
  VulkanDescriptorSetLayout.cpp
  VulkanFramebuffer.cpp
  VulkanIndexBuffer.cpp
  VulkanInstance.cpp
  VulkanInterface.cpp
  VulkanLogicalDevice.cpp
  VulkanPhysicalDevice.cpp
  VulkanPipeline.cpp
  VulkanQueue.cpp
  Compiling...
  VulkanRenderPass.cpp
  VulkanSemaphore.cpp
  VulkanShaderModule.cpp
  VulkanSurface.cpp
  VulkanSwapChain.cpp
  VulkanTexture.cpp
  VulkanUniformBuffer.cpp
  VulkanVertexBuffer.cpp
  ClairvoyantGameSystem.cpp
  ClairvoyantPlayer.cpp
  WorldArchitect.cpp
  Generating code
  1488 of 1496 functions (99.5%) were compiled, the rest were copied from previous compilation.
    31 functions were new in current compilation
    0 functions had inline decision re-evaluated but remain unchanged
  Finished generating code
  Catalyst Engine.vcxproj -> C:\Users\Dennis\Documents\GitHub\Catalyst-Engine\Catalyst Engine\Project\x64\Release\Catalyst Engine.exe
